<?xml version="1.0" encoding="UTF-8"?>
<testsuite xmlns:xsi="http://www.w3.org/2001/XMLSchema-instance" xsi:noNamespaceSchemaLocation="https://maven.apache.org/surefire/maven-surefire-plugin/xsd/surefire-test-report.xsd" name="TestSuite" time="8.251" tests="1" errors="0" skipped="0" failures="0">
  <properties>
    <property name="gopherProxySet" value="false"/>
    <property name="awt.toolkit" value="sun.lwawt.macosx.LWCToolkit"/>
    <property name="java.specification.version" value="9"/>
    <property name="file.encoding.pkg" value="sun.io"/>
    <property name="sun.cpu.isalist" value=""/>
    <property name="sun.jnu.encoding" value="UTF-8"/>
    <property name="java.class.path" value="/Users/ruksanafaruqui/IdeaProjects/Web-Automation-Framework/Amazon/target/test-classes:/Users/ruksanafaruqui/IdeaProjects/Web-Automation-Framework/Amazon/target/classes:/Users/ruksanafaruqui/.m2/repository/Web-Automation-Framework/generic/1.0-SNAPSHOT/generic-1.0-SNAPSHOT.jar:/Users/ruksanafaruqui/.m2/repository/org/seleniumhq/selenium/selenium-java/3.11.0/selenium-java-3.11.0.jar:/Users/ruksanafaruqui/.m2/repository/org/seleniumhq/selenium/selenium-api/3.11.0/selenium-api-3.11.0.jar:/Users/ruksanafaruqui/.m2/repository/org/seleniumhq/selenium/selenium-chrome-driver/3.11.0/selenium-chrome-driver-3.11.0.jar:/Users/ruksanafaruqui/.m2/repository/org/seleniumhq/selenium/selenium-edge-driver/3.11.0/selenium-edge-driver-3.11.0.jar:/Users/ruksanafaruqui/.m2/repository/org/seleniumhq/selenium/selenium-firefox-driver/3.11.0/selenium-firefox-driver-3.11.0.jar:/Users/ruksanafaruqui/.m2/repository/org/seleniumhq/selenium/selenium-ie-driver/3.11.0/selenium-ie-driver-3.11.0.jar:/Users/ruksanafaruqui/.m2/repository/org/seleniumhq/selenium/selenium-opera-driver/3.11.0/selenium-opera-driver-3.11.0.jar:/Users/ruksanafaruqui/.m2/repository/org/seleniumhq/selenium/selenium-remote-driver/3.11.0/selenium-remote-driver-3.11.0.jar:/Users/ruksanafaruqui/.m2/repository/org/seleniumhq/selenium/selenium-safari-driver/3.11.0/selenium-safari-driver-3.11.0.jar:/Users/ruksanafaruqui/.m2/repository/org/seleniumhq/selenium/selenium-support/3.11.0/selenium-support-3.11.0.jar:/Users/ruksanafaruqui/.m2/repository/net/bytebuddy/byte-buddy/1.7.9/byte-buddy-1.7.9.jar:/Users/ruksanafaruqui/.m2/repository/org/apache/commons/commons-exec/1.3/commons-exec-1.3.jar:/Users/ruksanafaruqui/.m2/repository/commons-codec/commons-codec/1.10/commons-codec-1.10.jar:/Users/ruksanafaruqui/.m2/repository/commons-logging/commons-logging/1.2/commons-logging-1.2.jar:/Users/ruksanafaruqui/.m2/repository/com/google/code/gson/gson/2.8.2/gson-2.8.2.jar:/Users/ruksanafaruqui/.m2/repository/com/google/guava/guava/23.6-jre/guava-23.6-jre.jar:/Users/ruksanafaruqui/.m2/repository/com/google/code/findbugs/jsr305/1.3.9/jsr305-1.3.9.jar:/Users/ruksanafaruqui/.m2/repository/org/checkerframework/checker-compat-qual/2.0.0/checker-compat-qual-2.0.0.jar:/Users/ruksanafaruqui/.m2/repository/com/google/errorprone/error_prone_annotations/2.1.3/error_prone_annotations-2.1.3.jar:/Users/ruksanafaruqui/.m2/repository/com/google/j2objc/j2objc-annotations/1.1/j2objc-annotations-1.1.jar:/Users/ruksanafaruqui/.m2/repository/org/codehaus/mojo/animal-sniffer-annotations/1.14/animal-sniffer-annotations-1.14.jar:/Users/ruksanafaruqui/.m2/repository/org/apache/httpcomponents/httpclient/4.5.3/httpclient-4.5.3.jar:/Users/ruksanafaruqui/.m2/repository/org/apache/httpcomponents/httpcore/4.4.6/httpcore-4.4.6.jar:/Users/ruksanafaruqui/.m2/repository/com/squareup/okhttp3/okhttp/3.9.1/okhttp-3.9.1.jar:/Users/ruksanafaruqui/.m2/repository/com/squareup/okio/okio/1.13.0/okio-1.13.0.jar:/Users/ruksanafaruqui/.m2/repository/org/seleniumhq/selenium/selenium-server/3.11.0/selenium-server-3.11.0.jar:/Users/ruksanafaruqui/.m2/repository/com/beust/jcommander/1.72/jcommander-1.72.jar:/Users/ruksanafaruqui/.m2/repository/org/apache/commons/commons-lang3/3.7/commons-lang3-3.7.jar:/Users/ruksanafaruqui/.m2/repository/org/apache/commons/commons-text/1.1/commons-text-1.1.jar:/Users/ruksanafaruqui/.m2/repository/commons-io/commons-io/2.6/commons-io-2.6.jar:/Users/ruksanafaruqui/.m2/repository/commons-net/commons-net/3.6/commons-net-3.6.jar:/Users/ruksanafaruqui/.m2/repository/org/w3c/css/sac/1.3/sac-1.3.jar:/Users/ruksanafaruqui/.m2/repository/net/sourceforge/cssparser/cssparser/0.9.24/cssparser-0.9.24.jar:/Users/ruksanafaruqui/.m2/repository/net/sourceforge/htmlunit/htmlunit/2.29/htmlunit-2.29.jar:/Users/ruksanafaruqui/.m2/repository/net/sourceforge/htmlunit/htmlunit-core-js/2.28/htmlunit-core-js-2.28.jar:/Users/ruksanafaruqui/.m2/repository/net/sourceforge/htmlunit/neko-htmlunit/2.28/neko-htmlunit-2.28.jar:/Users/ruksanafaruqui/.m2/repository/org/apache/httpcomponents/httpmime/4.5.3/httpmime-4.5.3.jar:/Users/ruksanafaruqui/.m2/repository/net/jcip/jcip-annotations/1.0/jcip-annotations-1.0.jar:/Users/ruksanafaruqui/.m2/repository/org/seleniumhq/selenium/jetty-repacked/9.4.7.v20171121/jetty-repacked-9.4.7.v20171121.jar:/Users/ruksanafaruqui/.m2/repository/org/eclipse/jetty/jetty-client/9.4.7.v20170914/jetty-client-9.4.7.v20170914.jar:/Users/ruksanafaruqui/.m2/repository/org/eclipse/jetty/jetty-http/9.4.8.v20171121/jetty-http-9.4.8.v20171121.jar:/Users/ruksanafaruqui/.m2/repository/org/eclipse/jetty/jetty-io/9.4.8.v20171121/jetty-io-9.4.8.v20171121.jar:/Users/ruksanafaruqui/.m2/repository/org/eclipse/jetty/jetty-util/9.4.8.v20171121/jetty-util-9.4.8.v20171121.jar:/Users/ruksanafaruqui/.m2/repository/org/eclipse/jetty/jetty-xml/9.4.7.v20170914/jetty-xml-9.4.7.v20170914.jar:/Users/ruksanafaruqui/.m2/repository/org/seleniumhq/selenium/htmlunit-driver/2.29.0/htmlunit-driver-2.29.0.jar:/Users/ruksanafaruqui/.m2/repository/javax/servlet/javax.servlet-api/3.1.0/javax.servlet-api-3.1.0.jar:/Users/ruksanafaruqui/.m2/repository/org/eclipse/jetty/websocket/websocket-api/9.4.7.v20170914/websocket-api-9.4.7.v20170914.jar:/Users/ruksanafaruqui/.m2/repository/org/eclipse/jetty/websocket/websocket-client/9.4.7.v20170914/websocket-client-9.4.7.v20170914.jar:/Users/ruksanafaruqui/.m2/repository/org/eclipse/jetty/websocket/websocket-common/9.4.7.v20170914/websocket-common-9.4.7.v20170914.jar:/Users/ruksanafaruqui/.m2/repository/xalan/serializer/2.7.2/serializer-2.7.2.jar:/Users/ruksanafaruqui/.m2/repository/xalan/xalan/2.7.2/xalan-2.7.2.jar:/Users/ruksanafaruqui/.m2/repository/xerces/xercesImpl/2.11.0/xercesImpl-2.11.0.jar:/Users/ruksanafaruqui/.m2/repository/xml-apis/xml-apis/1.4.01/xml-apis-1.4.01.jar:/Users/ruksanafaruqui/.m2/repository/org/yaml/snakeyaml/1.19/snakeyaml-1.19.jar:/Users/ruksanafaruqui/.m2/repository/org/testng/testng/6.14.3/testng-6.14.3.jar:/Users/ruksanafaruqui/.m2/repository/org/apache-extras/beanshell/bsh/2.0b6/bsh-2.0b6.jar:/Users/ruksanafaruqui/.m2/repository/org/apache/poi/poi/3.17/poi-3.17.jar:/Users/ruksanafaruqui/.m2/repository/org/apache/commons/commons-collections4/4.1/commons-collections4-4.1.jar:/Users/ruksanafaruqui/.m2/repository/com/google/api-client/google-api-client/1.22.0/google-api-client-1.22.0.jar:/Users/ruksanafaruqui/.m2/repository/com/google/oauth-client/google-oauth-client/1.22.0/google-oauth-client-1.22.0.jar:/Users/ruksanafaruqui/.m2/repository/com/google/http-client/google-http-client/1.22.0/google-http-client-1.22.0.jar:/Users/ruksanafaruqui/.m2/repository/com/google/http-client/google-http-client-jackson2/1.22.0/google-http-client-jackson2-1.22.0.jar:/Users/ruksanafaruqui/.m2/repository/com/fasterxml/jackson/core/jackson-core/2.1.3/jackson-core-2.1.3.jar:/Users/ruksanafaruqui/.m2/repository/com/google/guava/guava-jdk5/17.0/guava-jdk5-17.0.jar:/Users/ruksanafaruqui/.m2/repository/org/mongodb/mongo-java-driver/3.6.0-beta1/mongo-java-driver-3.6.0-beta1.jar:/Users/ruksanafaruqui/.m2/repository/mysql/mysql-connector-java/5.1.6/mysql-connector-java-5.1.6.jar:/Users/ruksanafaruqui/.m2/repository/com/aventstack/extentreports/3.0.7/extentreports-3.0.7.jar:/Users/ruksanafaruqui/.m2/repository/org/freemarker/freemarker/2.3.23/freemarker-2.3.23.jar:/Users/ruksanafaruqui/.m2/repository/org/mongodb/mongodb-driver/3.3.0/mongodb-driver-3.3.0.jar:/Users/ruksanafaruqui/.m2/repository/org/mongodb/bson/3.3.0/bson-3.3.0.jar:/Users/ruksanafaruqui/.m2/repository/org/mongodb/mongodb-driver-core/3.3.0/mongodb-driver-core-3.3.0.jar:/Users/ruksanafaruqui/.m2/repository/org/jsoup/jsoup/1.9.2/jsoup-1.9.2.jar:/Users/ruksanafaruqui/.m2/repository/com/relevantcodes/extentreports/2.41.1/extentreports-2.41.1.jar:/Users/ruksanafaruqui/.m2/repository/org/xerial/sqlite-jdbc/3.8.11.1/sqlite-jdbc-3.8.11.1.jar:/Users/ruksanafaruqui/.m2/repository/org/apache/maven/surefire/surefire-testng-utils/2.20.1/surefire-testng-utils-2.20.1.jar:/Users/ruksanafaruqui/.m2/repository/org/apache/maven/surefire/surefire-grouper/2.20.1/surefire-grouper-2.20.1.jar:"/>
    <property name="java.vm.vendor" value="Oracle Corporation"/>
    <property name="sun.arch.data.model" value="64"/>
    <property name="java.vendor.url" value="http://java.oracle.com/"/>
    <property name="user.timezone" value=""/>
    <property name="java.vm.specification.version" value="9"/>
    <property name="os.name" value="Mac OS X"/>
    <property name="sun.java.launcher" value="SUN_STANDARD"/>
    <property name="user.country" value="US"/>
    <property name="sun.boot.library.path" value="/Library/Java/JavaVirtualMachines/jdk-9.0.4.jdk/Contents/Home/lib"/>
    <property name="sun.java.command" value="/Users/ruksanafaruqui/IdeaProjects/Web-Automation-Framework/Amazon/target/surefire/surefirebooter4759664689473551069.jar /Users/ruksanafaruqui/IdeaProjects/Web-Automation-Framework/Amazon/target/surefire 2018-04-28T19-25-41_337-jvmRun1 surefire13324034162170520608tmp surefire_017623259809934182243tmp"/>
    <property name="http.nonProxyHosts" value="local|*.local|169.254/16|*.169.254/16"/>
    <property name="jdk.debug" value="release"/>
    <property name="surefire.test.class.path" value="/Users/ruksanafaruqui/IdeaProjects/Web-Automation-Framework/Amazon/target/test-classes:/Users/ruksanafaruqui/IdeaProjects/Web-Automation-Framework/Amazon/target/classes:/Users/ruksanafaruqui/.m2/repository/Web-Automation-Framework/generic/1.0-SNAPSHOT/generic-1.0-SNAPSHOT.jar:/Users/ruksanafaruqui/.m2/repository/org/seleniumhq/selenium/selenium-java/3.11.0/selenium-java-3.11.0.jar:/Users/ruksanafaruqui/.m2/repository/org/seleniumhq/selenium/selenium-api/3.11.0/selenium-api-3.11.0.jar:/Users/ruksanafaruqui/.m2/repository/org/seleniumhq/selenium/selenium-chrome-driver/3.11.0/selenium-chrome-driver-3.11.0.jar:/Users/ruksanafaruqui/.m2/repository/org/seleniumhq/selenium/selenium-edge-driver/3.11.0/selenium-edge-driver-3.11.0.jar:/Users/ruksanafaruqui/.m2/repository/org/seleniumhq/selenium/selenium-firefox-driver/3.11.0/selenium-firefox-driver-3.11.0.jar:/Users/ruksanafaruqui/.m2/repository/org/seleniumhq/selenium/selenium-ie-driver/3.11.0/selenium-ie-driver-3.11.0.jar:/Users/ruksanafaruqui/.m2/repository/org/seleniumhq/selenium/selenium-opera-driver/3.11.0/selenium-opera-driver-3.11.0.jar:/Users/ruksanafaruqui/.m2/repository/org/seleniumhq/selenium/selenium-remote-driver/3.11.0/selenium-remote-driver-3.11.0.jar:/Users/ruksanafaruqui/.m2/repository/org/seleniumhq/selenium/selenium-safari-driver/3.11.0/selenium-safari-driver-3.11.0.jar:/Users/ruksanafaruqui/.m2/repository/org/seleniumhq/selenium/selenium-support/3.11.0/selenium-support-3.11.0.jar:/Users/ruksanafaruqui/.m2/repository/net/bytebuddy/byte-buddy/1.7.9/byte-buddy-1.7.9.jar:/Users/ruksanafaruqui/.m2/repository/org/apache/commons/commons-exec/1.3/commons-exec-1.3.jar:/Users/ruksanafaruqui/.m2/repository/commons-codec/commons-codec/1.10/commons-codec-1.10.jar:/Users/ruksanafaruqui/.m2/repository/commons-logging/commons-logging/1.2/commons-logging-1.2.jar:/Users/ruksanafaruqui/.m2/repository/com/google/code/gson/gson/2.8.2/gson-2.8.2.jar:/Users/ruksanafaruqui/.m2/repository/com/google/guava/guava/23.6-jre/guava-23.6-jre.jar:/Users/ruksanafaruqui/.m2/repository/com/google/code/findbugs/jsr305/1.3.9/jsr305-1.3.9.jar:/Users/ruksanafaruqui/.m2/repository/org/checkerframework/checker-compat-qual/2.0.0/checker-compat-qual-2.0.0.jar:/Users/ruksanafaruqui/.m2/repository/com/google/errorprone/error_prone_annotations/2.1.3/error_prone_annotations-2.1.3.jar:/Users/ruksanafaruqui/.m2/repository/com/google/j2objc/j2objc-annotations/1.1/j2objc-annotations-1.1.jar:/Users/ruksanafaruqui/.m2/repository/org/codehaus/mojo/animal-sniffer-annotations/1.14/animal-sniffer-annotations-1.14.jar:/Users/ruksanafaruqui/.m2/repository/org/apache/httpcomponents/httpclient/4.5.3/httpclient-4.5.3.jar:/Users/ruksanafaruqui/.m2/repository/org/apache/httpcomponents/httpcore/4.4.6/httpcore-4.4.6.jar:/Users/ruksanafaruqui/.m2/repository/com/squareup/okhttp3/okhttp/3.9.1/okhttp-3.9.1.jar:/Users/ruksanafaruqui/.m2/repository/com/squareup/okio/okio/1.13.0/okio-1.13.0.jar:/Users/ruksanafaruqui/.m2/repository/org/seleniumhq/selenium/selenium-server/3.11.0/selenium-server-3.11.0.jar:/Users/ruksanafaruqui/.m2/repository/com/beust/jcommander/1.72/jcommander-1.72.jar:/Users/ruksanafaruqui/.m2/repository/org/apache/commons/commons-lang3/3.7/commons-lang3-3.7.jar:/Users/ruksanafaruqui/.m2/repository/org/apache/commons/commons-text/1.1/commons-text-1.1.jar:/Users/ruksanafaruqui/.m2/repository/commons-io/commons-io/2.6/commons-io-2.6.jar:/Users/ruksanafaruqui/.m2/repository/commons-net/commons-net/3.6/commons-net-3.6.jar:/Users/ruksanafaruqui/.m2/repository/org/w3c/css/sac/1.3/sac-1.3.jar:/Users/ruksanafaruqui/.m2/repository/net/sourceforge/cssparser/cssparser/0.9.24/cssparser-0.9.24.jar:/Users/ruksanafaruqui/.m2/repository/net/sourceforge/htmlunit/htmlunit/2.29/htmlunit-2.29.jar:/Users/ruksanafaruqui/.m2/repository/net/sourceforge/htmlunit/htmlunit-core-js/2.28/htmlunit-core-js-2.28.jar:/Users/ruksanafaruqui/.m2/repository/net/sourceforge/htmlunit/neko-htmlunit/2.28/neko-htmlunit-2.28.jar:/Users/ruksanafaruqui/.m2/repository/org/apache/httpcomponents/httpmime/4.5.3/httpmime-4.5.3.jar:/Users/ruksanafaruqui/.m2/repository/net/jcip/jcip-annotations/1.0/jcip-annotations-1.0.jar:/Users/ruksanafaruqui/.m2/repository/org/seleniumhq/selenium/jetty-repacked/9.4.7.v20171121/jetty-repacked-9.4.7.v20171121.jar:/Users/ruksanafaruqui/.m2/repository/org/eclipse/jetty/jetty-client/9.4.7.v20170914/jetty-client-9.4.7.v20170914.jar:/Users/ruksanafaruqui/.m2/repository/org/eclipse/jetty/jetty-http/9.4.8.v20171121/jetty-http-9.4.8.v20171121.jar:/Users/ruksanafaruqui/.m2/repository/org/eclipse/jetty/jetty-io/9.4.8.v20171121/jetty-io-9.4.8.v20171121.jar:/Users/ruksanafaruqui/.m2/repository/org/eclipse/jetty/jetty-util/9.4.8.v20171121/jetty-util-9.4.8.v20171121.jar:/Users/ruksanafaruqui/.m2/repository/org/eclipse/jetty/jetty-xml/9.4.7.v20170914/jetty-xml-9.4.7.v20170914.jar:/Users/ruksanafaruqui/.m2/repository/org/seleniumhq/selenium/htmlunit-driver/2.29.0/htmlunit-driver-2.29.0.jar:/Users/ruksanafaruqui/.m2/repository/javax/servlet/javax.servlet-api/3.1.0/javax.servlet-api-3.1.0.jar:/Users/ruksanafaruqui/.m2/repository/org/eclipse/jetty/websocket/websocket-api/9.4.7.v20170914/websocket-api-9.4.7.v20170914.jar:/Users/ruksanafaruqui/.m2/repository/org/eclipse/jetty/websocket/websocket-client/9.4.7.v20170914/websocket-client-9.4.7.v20170914.jar:/Users/ruksanafaruqui/.m2/repository/org/eclipse/jetty/websocket/websocket-common/9.4.7.v20170914/websocket-common-9.4.7.v20170914.jar:/Users/ruksanafaruqui/.m2/repository/xalan/serializer/2.7.2/serializer-2.7.2.jar:/Users/ruksanafaruqui/.m2/repository/xalan/xalan/2.7.2/xalan-2.7.2.jar:/Users/ruksanafaruqui/.m2/repository/xerces/xercesImpl/2.11.0/xercesImpl-2.11.0.jar:/Users/ruksanafaruqui/.m2/repository/xml-apis/xml-apis/1.4.01/xml-apis-1.4.01.jar:/Users/ruksanafaruqui/.m2/repository/org/yaml/snakeyaml/1.19/snakeyaml-1.19.jar:/Users/ruksanafaruqui/.m2/repository/org/testng/testng/6.14.3/testng-6.14.3.jar:/Users/ruksanafaruqui/.m2/repository/org/apache-extras/beanshell/bsh/2.0b6/bsh-2.0b6.jar:/Users/ruksanafaruqui/.m2/repository/org/apache/poi/poi/3.17/poi-3.17.jar:/Users/ruksanafaruqui/.m2/repository/org/apache/commons/commons-collections4/4.1/commons-collections4-4.1.jar:/Users/ruksanafaruqui/.m2/repository/com/google/api-client/google-api-client/1.22.0/google-api-client-1.22.0.jar:/Users/ruksanafaruqui/.m2/repository/com/google/oauth-client/google-oauth-client/1.22.0/google-oauth-client-1.22.0.jar:/Users/ruksanafaruqui/.m2/repository/com/google/http-client/google-http-client/1.22.0/google-http-client-1.22.0.jar:/Users/ruksanafaruqui/.m2/repository/com/google/http-client/google-http-client-jackson2/1.22.0/google-http-client-jackson2-1.22.0.jar:/Users/ruksanafaruqui/.m2/repository/com/fasterxml/jackson/core/jackson-core/2.1.3/jackson-core-2.1.3.jar:/Users/ruksanafaruqui/.m2/repository/com/google/guava/guava-jdk5/17.0/guava-jdk5-17.0.jar:/Users/ruksanafaruqui/.m2/repository/org/mongodb/mongo-java-driver/3.6.0-beta1/mongo-java-driver-3.6.0-beta1.jar:/Users/ruksanafaruqui/.m2/repository/mysql/mysql-connector-java/5.1.6/mysql-connector-java-5.1.6.jar:/Users/ruksanafaruqui/.m2/repository/com/aventstack/extentreports/3.0.7/extentreports-3.0.7.jar:/Users/ruksanafaruqui/.m2/repository/org/freemarker/freemarker/2.3.23/freemarker-2.3.23.jar:/Users/ruksanafaruqui/.m2/repository/org/mongodb/mongodb-driver/3.3.0/mongodb-driver-3.3.0.jar:/Users/ruksanafaruqui/.m2/repository/org/mongodb/bson/3.3.0/bson-3.3.0.jar:/Users/ruksanafaruqui/.m2/repository/org/mongodb/mongodb-driver-core/3.3.0/mongodb-driver-core-3.3.0.jar:/Users/ruksanafaruqui/.m2/repository/org/jsoup/jsoup/1.9.2/jsoup-1.9.2.jar:/Users/ruksanafaruqui/.m2/repository/com/relevantcodes/extentreports/2.41.1/extentreports-2.41.1.jar:/Users/ruksanafaruqui/.m2/repository/org/xerial/sqlite-jdbc/3.8.11.1/sqlite-jdbc-3.8.11.1.jar:/Users/ruksanafaruqui/.m2/repository/org/apache/maven/surefire/surefire-testng-utils/2.20.1/surefire-testng-utils-2.20.1.jar:/Users/ruksanafaruqui/.m2/repository/org/apache/maven/surefire/surefire-grouper/2.20.1/surefire-grouper-2.20.1.jar:"/>
    <property name="sun.cpu.endian" value="little"/>
    <property name="user.home" value="/Users/ruksanafaruqui"/>
    <property name="user.language" value="en"/>
    <property name="java.specification.vendor" value="Oracle Corporation"/>
    <property name="java.home" value="/Library/Java/JavaVirtualMachines/jdk-9.0.4.jdk/Contents/Home"/>
    <property name="file.separator" value="/"/>
    <property name="basedir" value="/Users/ruksanafaruqui/IdeaProjects/Web-Automation-Framework/Amazon"/>
    <property name="java.vm.compressedOopsMode" value="Zero based"/>
    <property name="line.separator" value="&#10;"/>
    <property name="java.specification.name" value="Java Platform API Specification"/>
    <property name="java.vm.specification.vendor" value="Oracle Corporation"/>
    <property name="java.awt.graphicsenv" value="sun.awt.CGraphicsEnvironment"/>
    <property name="surefire.real.class.path" value="/Users/ruksanafaruqui/IdeaProjects/Web-Automation-Framework/Amazon/target/surefire/surefirebooter4759664689473551069.jar"/>
    <property name="sun.management.compiler" value="HotSpot 64-Bit Tiered Compilers"/>
    <property name="ftp.nonProxyHosts" value="local|*.local|169.254/16|*.169.254/16"/>
    <property name="java.runtime.version" value="9.0.4+11"/>
    <property name="user.name" value="ruksanafaruqui"/>
    <property name="path.separator" value=":"/>
    <property name="os.version" value="10.11.6"/>
    <property name="java.runtime.name" value="Java(TM) SE Runtime Environment"/>
    <property name="file.encoding" value="UTF-8"/>
    <property name="java.vm.name" value="Java HotSpot(TM) 64-Bit Server VM"/>
    <property name="localRepository" value="/Users/ruksanafaruqui/.m2/repository"/>
    <property name="java.vendor.url.bug" value="http://bugreport.java.com/bugreport/"/>
    <property name="java.io.tmpdir" value="/var/folders/x5/53kykmq94yj7rk89710ftl100000gn/T/"/>
    <property name="java.version" value="9.0.4"/>
    <property name="user.dir" value="/Users/ruksanafaruqui/IdeaProjects/Web-Automation-Framework/Amazon"/>
    <property name="os.arch" value="x86_64"/>
    <property name="java.vm.specification.name" value="Java Virtual Machine Specification"/>
    <property name="java.awt.printerjob" value="sun.lwawt.macosx.CPrinterJob"/>
    <property name="sun.os.patch.level" value="unknown"/>
    <property name="java.library.path" value="/Users/ruksanafaruqui/Library/Java/Extensions:/Library/Java/Extensions:/Network/Library/Java/Extensions:/System/Library/Java/Extensions:/usr/lib/java:."/>
    <property name="java.vm.info" value="mixed mode"/>
    <property name="java.vendor" value="Oracle Corporation"/>
    <property name="java.vm.version" value="9.0.4+11"/>
    <property name="sun.io.unicode.encoding" value="UnicodeBig"/>
    <property name="java.class.version" value="53.0"/>
    <property name="socksNonProxyHosts" value="local|*.local|169.254/16|*.169.254/16"/>
  </properties>
  <testcase name="test1" classname="home.TestSignInPage" time="1.721"/>
</testsuite>