<?xml version="1.0" encoding="UTF-8"?>
<!-- Generated by org.testng.reporters.JUnitReportReporter -->
<testsuite hostname="RUKSANAs-MacBook-Pro.local" failures="0" tests="1" name="home.TestSignInPage" time="7.322" errors="0" timestamp="29 Apr 2018 02:25:50 GMT" skipped="0">
  <testcase classname="home.TestSignInPage" name="test1" time="7.322"/>
</testsuite> <!-- home.TestSignInPage -->
