<?xml version="1.0" encoding="UTF-8"?>
<!-- Generated by org.testng.reporters.JUnitReportReporter -->
<testsuite hostname="RUKSANAs-MacBook-Pro.local" failures="0" tests="1" name="menu.TestDropDownMenu" time="7.889" errors="0" timestamp="28 Apr 2018 23:37:48 GMT" skipped="0">
  <testcase classname="menu.TestDropDownMenu" name="menu" time="7.889"/>
</testsuite> <!-- menu.TestDropDownMenu -->
